0 info it worked if it ends with ok
1 verbose cli [ 'd:\\Programs\\nodejs\\node.exe',
1 verbose cli   'd:\\Programs\\nodejs\\node_modules\\npm\\bin\\npm-cli.js',
1 verbose cli   'start' ]
2 info using npm@3.3.12
3 info using node@v5.2.0
4 verbose run-script [ 'prestart', 'start', 'poststart' ]
5 info lifecycle todo@0.0.0~prestart: todo@0.0.0
6 silly lifecycle todo@0.0.0~prestart: no script for prestart, continuing
7 info lifecycle todo@0.0.0~start: todo@0.0.0
8 verbose lifecycle todo@0.0.0~start: unsafe-perm in lifecycle true
9 verbose lifecycle todo@0.0.0~start: PATH: d:\Programs\nodejs\node_modules\npm\bin\node-gyp-bin;d:\Projects\IoT\DocumentDB-Quickstart-Node\node_modules\.bin;c:\Users\wartst\bin;.;C:\Program Files\Git\local\bin;C:\Program Files\Git\mingw\bin;C:\Program Files\Git\bin;c:\ProgramData\Oracle\Java\javapath;c:\oracle\instantclient;c:\Python27\;c:\MinGW\bin;c:\MinGW\msys\1.0\bin;c:\tibco\ems\6.0\bin;c:\oracle\product\11.2.0\client_1\bin;c:\Windows\system32;c:\Windows;c:\Windows\System32\Wbem;c:\Windows\System32\WindowsPowerShell\v1.0\;c:\Program Files\Intel\DMIX;c:\oracle\Middleware\modules\org.apache.ant_1.7.1\bin;c:\Program Files\Java\jdk1.8.0_51\bin;c:\Python32;d:\Programs\maven\bin;C:\Program Files\Git\cmd;d:\Programs\nodejs\;c:\Users\wartst\AppData\Local\Programs\Python\Python35-32;c:\Users\wartst\AppData\Local\Programs\Python\Python35-32\Scripts;c:\Program Files\MongoDB\Server\3.0\bin;C:\Program Files\Git\bin;c:\Program Files (x86)\q-TextAsData;c:\Program Files\Oracle\VirtualBox;c:\Program Files (x86)\Microsoft VS Code\bin;c:\Users\wartst\AppData\Roaming\npm
10 verbose lifecycle todo@0.0.0~start: CWD: d:\Projects\IoT\DocumentDB-Quickstart-Node
11 silly lifecycle todo@0.0.0~start: Args: [ '/d /s /c', 'node ./bin/www' ]
12 silly lifecycle todo@0.0.0~start: Returned: code: 1  signal: null
13 info lifecycle todo@0.0.0~start: Failed to exec start script
14 verbose stack Error: todo@0.0.0 start: `node ./bin/www`
14 verbose stack Exit status 1
14 verbose stack     at EventEmitter.<anonymous> (d:\Programs\nodejs\node_modules\npm\lib\utils\lifecycle.js:232:16)
14 verbose stack     at emitTwo (events.js:88:13)
14 verbose stack     at EventEmitter.emit (events.js:173:7)
14 verbose stack     at ChildProcess.<anonymous> (d:\Programs\nodejs\node_modules\npm\lib\utils\spawn.js:24:14)
14 verbose stack     at emitTwo (events.js:88:13)
14 verbose stack     at ChildProcess.emit (events.js:173:7)
14 verbose stack     at maybeClose (internal/child_process.js:819:16)
14 verbose stack     at Process.ChildProcess._handle.onexit (internal/child_process.js:212:5)
15 verbose pkgid todo@0.0.0
16 verbose cwd d:\Projects\IoT\DocumentDB-Quickstart-Node
17 error Windows_NT 6.1.7601
18 error argv "d:\\Programs\\nodejs\\node.exe" "d:\\Programs\\nodejs\\node_modules\\npm\\bin\\npm-cli.js" "start"
19 error node v5.2.0
20 error npm  v3.3.12
21 error code ELIFECYCLE
22 error todo@0.0.0 start: `node ./bin/www`
22 error Exit status 1
23 error Failed at the todo@0.0.0 start script 'node ./bin/www'.
23 error Make sure you have the latest version of node.js and npm installed.
23 error If you do, this is most likely a problem with the todo package,
23 error not with npm itself.
23 error Tell the author that this fails on your system:
23 error     node ./bin/www
23 error You can get their info via:
23 error     npm owner ls todo
23 error There is likely additional logging output above.
24 verbose exit [ 1, true ]
